<?xml version="1.0" encoding="UTF-8"?>
<!-- Generated by org.testng.reporters.JUnitXMLReporter -->
<testsuite hostname="DESKTOP-J1G6BS1" ignored="1" name="Default test" tests="3" failures="0" timestamp="15 Dec 2020 13:59:10 GMT" time="101.711" errors="0">
  <testcase name="searchFlights" time="15.827" classname="testCases.MakeMyTrip"/>
  <testcase name="nonStopAndOneStopFlights" time="6.891" classname="testCases.MakeMyTrip"/>
  <testcase name="verifyTotalPrice" time="60.036" classname="testCases.MakeMyTrip"/>
  <testcase name="clickingRadioBtnOfFlights" time="0.0" classname="testCases.MakeMyTrip">
    <ignored/>
  </testcase> <!-- clickingRadioBtnOfFlights -->
</testsuite> <!-- Default test -->
