<?xml version="1.0" encoding="UTF-8"?>
<!-- Generated by org.testng.reporters.JUnitXMLReporter -->
<testsuite hostname="DESKTOP-J1G6BS1" ignored="0" name="Test" tests="1" failures="1" timestamp="10 Dec 2020 07:07:58 GMT" time="0.128" errors="0">
  <testcase name="searchFlights" time="0.088" classname="testCases.MakeMyTrip">
    <failure type="java.lang.NullPointerException">
      <![CDATA[java.lang.NullPointerException
at org.openqa.selenium.support.pagefactory.DefaultElementLocator.findElement(DefaultElementLocator.java:69)
at org.openqa.selenium.support.pagefactory.internal.LocatingElementHandler.invoke(LocatingElementHandler.java:38)
at com.sun.proxy.$Proxy7.click(Unknown Source)
at testCases.MakeMyTrip.searchFlights(MakeMyTrip.java:13)
... Removed 25 stack frames]]>
    </failure>
  </testcase> <!-- searchFlights -->
</testsuite> <!-- Test -->
