<?xml version="1.0" encoding="UTF-8"?>
<!-- Generated by org.testng.reporters.JUnitXMLReporter -->
<testsuite hostname="DESKTOP-J1G6BS1" ignored="0" name="Test" tests="6" failures="0" timestamp="09 Dec 2020 12:30:25 GMT" time="41.899" errors="0">
  <testcase name="login" time="5.556" classname="testCases.CapsuleCRM"/>
  <testcase name="addPerson" time="4.615" classname="testCases.CapsuleCRM"/>
  <testcase name="addingNewPersonForm" time="8.274" classname="testCases.CapsuleCRM"/>
  <testcase name="verifyAddedPerson" time="9.1" classname="testCases.CapsuleCRM"/>
  <testcase name="assigningCase" time="12.186" classname="testCases.CapsuleCRM"/>
  <testcase name="verifyCaseAssigning" time="2.121" classname="testCases.CapsuleCRM"/>
</testsuite> <!-- Test -->
