<?xml version="1.0" encoding="UTF-8"?>
<testng-results skipped="0" failed="0" ignored="0" total="1" passed="1">
  <reporter-output>
  </reporter-output>
  <suite name="Default suite" duration-ms="5200" started-at="2020-11-24T13:02:57Z" finished-at="2020-11-24T13:03:02Z">
    <groups>
      <group name="cucumber">
        <method signature="TestRunner.feature(cucumber.api.testng.CucumberFeatureWrapper)[pri:0, instance:runner.TestRunner@e45f292]" name="feature" class="runner.TestRunner"/>
      </group> <!-- cucumber -->
    </groups>
    <test name="Default test" duration-ms="5200" started-at="2020-11-24T13:02:57Z" finished-at="2020-11-24T13:03:02Z">
      <class name="runner.TestRunner">
        <test-method status="PASS" signature="setUpClass()[pri:0, instance:runner.TestRunner@e45f292]" name="setUpClass" is-config="true" duration-ms="5048" started-at="2020-11-24T13:02:57Z" finished-at="2020-11-24T13:03:02Z">
          <reporter-output>
          </reporter-output>
        </test-method> <!-- setUpClass -->
        <test-method status="PASS" signature="feature(cucumber.api.testng.CucumberFeatureWrapper)[pri:0, instance:runner.TestRunner@e45f292]" name="feature" duration-ms="15" started-at="2020-11-24T13:03:02Z" description="Runs Cucumber Feature" data-provider="features" finished-at="2020-11-24T13:03:02Z">
          <params>
            <param index="0">
              <value>
                <![CDATA[Verifying FB login Functionality]]>
              </value>
            </param>
          </params>
          <reporter-output>
          </reporter-output>
        </test-method> <!-- feature -->
        <test-method status="PASS" signature="tearDownClass()[pri:0, instance:runner.TestRunner@e45f292]" name="tearDownClass" is-config="true" duration-ms="8" started-at="2020-11-24T13:03:02Z" finished-at="2020-11-24T13:03:02Z">
          <reporter-output>
          </reporter-output>
        </test-method> <!-- tearDownClass -->
      </class> <!-- runner.TestRunner -->
    </test> <!-- Default test -->
  </suite> <!-- Default suite -->
</testng-results>
